Running at : Fri Jun 13 10:16:01 IST 2025
Running at : Fri Jun 13 10:17:01 IST 2025
Running at : Fri Jun 13 10:18:01 IST 2025
Running at : Fri Jun 13 10:19:01 IST 2025
Running at : Fri Jun 13 10:20:01 IST 2025
Running at : Fri Jun 13 10:21:00 IST 2025
Running at : Fri Jun 13 10:22:01 IST 2025
Running at : Fri Jun 13 10:23:01 IST 2025
Running at : Fri Jun 13 10:24:01 IST 2025
Running at : Fri Jun 13 10:25:01 IST 2025
Running at : Fri Jun 13 10:26:01 IST 2025
Running at : Fri Jun 13 10:27:01 IST 2025
Running at : Fri Jun 13 10:28:01 IST 2025
Running at : Fri Jun 13 10:29:01 IST 2025
Running at : Fri Jun 13 10:30:01 IST 2025
Running at : Fri Jun 13 10:31:01 IST 2025
Running at : Fri Jun 13 10:32:00 IST 2025
Running at : Fri Jun 13 10:33:02 IST 2025
[main 132f187] Auto commit by cron Fri Jun 13 10:41:28 IST 2025
 2 files changed, 668 insertions(+)
 create mode 100644 git_debug.log
 create mode 100644 gitcron.log
Running at : Fri Jun 13 10:46:33 IST 2025
Running at : Fri Jun 13 10:47:09 IST 2025
Changes found
